2023-02-08 17:08:35 - INFO - /Users/pengwei/.local/share/virtualenvs/WebAppUnit-pDSZ9ufv/lib/python3.9/site-packages/werkzeug/_internal.py[224] - [31m[1mWARNING: This is a development server. Do not use it in a production deployment. Use a production WSGI server instead.[0m
 * Running on all addresses (0.0.0.0)
 * Running on http://127.0.0.1:8099
 * Running on http://192.168.88.228:8099
2023-02-08 17:08:35 - INFO - /Users/pengwei/.local/share/virtualenvs/WebAppUnit-pDSZ9ufv/lib/python3.9/site-packages/werkzeug/_internal.py[224] - [33mPress CTRL+C to quit[0m
2023-02-08 17:08:35 - INFO - /Users/pengwei/.local/share/virtualenvs/WebAppUnit-pDSZ9ufv/lib/python3.9/site-packages/werkzeug/_internal.py[224] -  * Restarting with stat
2023-02-08 17:08:36 - WARNING - /Users/pengwei/.local/share/virtualenvs/WebAppUnit-pDSZ9ufv/lib/python3.9/site-packages/werkzeug/_internal.py[224] -  * Debugger is active!
2023-02-08 17:08:36 - INFO - /Users/pengwei/.local/share/virtualenvs/WebAppUnit-pDSZ9ufv/lib/python3.9/site-packages/werkzeug/_internal.py[224] -  * Debugger PIN: 919-813-245
2023-02-08 17:08:39 - INFO - /Users/pengwei/Desktop/WebAppUnit/src/main/python/core/gooflow/initiation.py[23] - å¯åŠ¨åˆå§‹åŒ–ä»»åŠ¡..
2023-02-08 17:08:39 - INFO - /Users/pengwei/Desktop/WebAppUnit/src/main/python/core/gooflow/initiation.py[41] - æ¸…ç†ä¸´æ—¶ä¸‹è½½æ–‡ä»¶
2023-02-08 17:08:39 - INFO - /Users/pengwei/Desktop/WebAppUnit/src/main/python/core/gooflow/initiation.py[88] - å®Œæˆåˆå§‹åŒ–ä¸šåŠ¡å‚æ•°
2023-02-08 17:08:39 - INFO - /Users/pengwei/Desktop/WebAppUnit/src/main/python/db/SQLHelper.py[66] - >>> æ‰§è¡Œsql:> select platform_nw_name from tn_platform_nw_tag_init where belong_id='440100' and domain_id='AiSeeCore' 
2023-02-08 17:08:39 - INFO - /Users/pengwei/Desktop/WebAppUnit/src/main/python/db/SQLHelper.py[66] - >>> æ‰§è¡Œsql:>  SELECT A.CATALOG_PATH AS catalogPath FROM TN_CATALOG_DEF A
                    WHERE A.CATALOG_TYPE = '1'
                    AND A.BELONG_ID = '440100' AND A.DOMAIN_ID = 'AiSeeCore' 
2023-02-08 17:08:39 - INFO - /Users/pengwei/Desktop/WebAppUnit/src/main/python/db/SQLHelper.py[72] - è®°å½•æ•°ï¼š1
2023-02-08 17:08:39 - INFO - /Users/pengwei/Desktop/WebAppUnit/src/main/python/db/SQLHelper.py[111] - æŸ¥è¯¢ç»“æœï¼š/mnt/shared/AiSee_FileNode/v3-test-postgres-v31/system-440100_AiSeeCore
2023-02-08 17:08:39 - INFO - /Users/pengwei/Desktop/WebAppUnit/src/main/python/core/gooflow/case.py[39] - æ‰“å¼€/Users/pengwei/Desktop/æµ‹è¯•ç”¨ä¾‹é›†/3.1/VisualModeler/controller.xls,å¼€å§‹è·å–æµ‹è¯•ç”¨ä¾‹æ–‡ä»¶å
2023-02-08 17:08:39 - INFO - /Users/pengwei/Desktop/WebAppUnit/src/main/python/core/gooflow/case.py[99] - è·å–åˆ°æµ‹è¯•ç”¨ä¾‹æ–‡ä»¶ï¼š/Users/pengwei/Desktop/æµ‹è¯•ç”¨ä¾‹é›†/3.1/VisualModeler/å¸¸ç”¨ä¿¡æ¯ç®¡ç†/ç½‘å…ƒæ¨¡ç‰ˆé…ç½®.xls
2023-02-08 17:08:39 - INFO - /Users/pengwei/Desktop/WebAppUnit/src/main/python/core/gooflow/case.py[175] - Excelè¡Œæ•°ï¼š86, åˆ—æ•° : 256
2023-02-08 17:08:39 - INFO - /Users/pengwei/Desktop/WebAppUnit/src/main/python/core/gooflow/case.py[176] - -------------------------------------------------------------------------
2023-02-08 17:08:39 - INFO - /Users/pengwei/Desktop/WebAppUnit/src/main/python/core/gooflow/case.py[255] - >>>>> ç½‘å…ƒæ¨¡ç‰ˆé…ç½®ï¼Œæ•°æ®æ¸…ç†
2023-02-08 17:08:39 - INFO - /Users/pengwei/Desktop/WebAppUnit/src/main/python/core/gooflow/initiation.py[30] - æ¸…ç†æµç¨‹è¿‡ç¨‹å˜é‡
2023-02-08 17:08:40 - INFO - /Users/pengwei/Desktop/WebAppUnit/src/main/python/core/gooflow/operation.py[41] - æ­¥éª¤ï¼š
{
    "æ“ä½œ": "ZgTempDataClear",
    "å‚æ•°": {
        "æ¨¡ç‰ˆç±»å‹": "ç½‘å…ƒåŸºç¡€ä¿¡æ¯",
        "æ¨¡ç‰ˆåç§°": "auto_ç½‘å…ƒåŸºç¡€ä¿¡æ¯è¡¨"
    }
}
2023-02-08 17:08:40 - INFO - /Users/pengwei/Desktop/WebAppUnit/src/main/python/core/gooflow/operation.py[44] - å¼€å§‹æ‰§è¡Œæ“ä½œï¼š ZgTempDataClear
2023-02-08 17:08:40 - INFO - /Users/pengwei/Desktop/WebAppUnit/src/main/python/lib/wrap.py[53] - å½“å‰æœªç™»å½•ï¼Œè‡ªåŠ¨æ‰§è¡Œç™»å½•æ“ä½œ
2023-02-08 17:08:40 - INFO - /Users/pengwei/Desktop/WebAppUnit/src/main/python/lib/browser.py[12] - å¼€å§‹åˆå§‹åŒ–æµè§ˆå™¨.
2023-02-08 17:08:42 - INFO - /Users/pengwei/Desktop/WebAppUnit/src/main/python/lib/browser.py[22] - æµè§ˆå™¨åˆå§‹åŒ–å®Œæˆï¼Œwebdriver: <selenium.webdriver.chrome.webdriver.WebDriver (session="41607404e3d7c500265cdbd9a5afe955")>
2023-02-08 17:08:44 - INFO - /Users/pengwei/Desktop/WebAppUnit/src/main/python/core/loginPage.py[74] - #######################æ¬¢è¿ç™»å½•AiSeeç³»ç»Ÿ#######################
2023-02-08 17:08:44 - INFO - /Users/pengwei/Desktop/WebAppUnit/src/main/python/core/loginPage.py[75] - ç™»å½•ç”¨æˆ·åï¼špw, ç”¨æˆ·å¯†ç ï¼š1qazXSW@
2023-02-08 17:08:45 - INFO - /Users/pengwei/Desktop/WebAppUnit/src/main/python/lib/windows.py[27] - ä¿å­˜é¦–ä¸ªçª—å£å¥æŸ„ é¦–é¡µ:CDwindow-D06663ADDBC4A2BF009A7604F12DCFD5
2023-02-08 17:08:45 - INFO - /Users/pengwei/Desktop/WebAppUnit/src/main/python/lib/windows.py[38] - å½“å‰çª—å£ä¿¡æ¯:{'é¦–é¡µ': 'CDwindow-D06663ADDBC4A2BF009A7604F12DCFD5'}
2023-02-08 17:08:47 - INFO - /Users/pengwei/Desktop/WebAppUnit/src/main/python/core/app/VisualModeler/doctorWho.py[41] - è¿›å…¥é¢†åŸŸé¡µé¢
2023-02-08 17:08:48 - INFO - /Users/pengwei/Desktop/WebAppUnit/src/main/python/lib/windows.py[37] - ä¿å­˜æ–°çš„çª—å£å¥æŸ„ vm:CDwindow-09610B5C8EF9B5D54C5A013B6980C97E
2023-02-08 17:08:48 - INFO - /Users/pengwei/Desktop/WebAppUnit/src/main/python/lib/windows.py[38] - å½“å‰çª—å£ä¿¡æ¯:{'é¦–é¡µ': 'CDwindow-D06663ADDBC4A2BF009A7604F12DCFD5', 'vm': 'CDwindow-09610B5C8EF9B5D54C5A013B6980C97E'}
2023-02-08 17:08:48 - INFO - /Users/pengwei/Desktop/WebAppUnit/src/main/python/lib/windows.py[45] - åˆ‡æ¢åˆ°æ ‡ç­¾é¡µ: vmï¼ŒCDwindow-09610B5C8EF9B5D54C5A013B6980C97E
2023-02-08 17:08:48 - INFO - /Users/pengwei/Desktop/WebAppUnit/src/main/python/core/app/VisualModeler/doctorWho.py[73] - ç‚¹å‡»ä¸€çº§èœå•: å¸¸ç”¨ä¿¡æ¯ç®¡ç†
2023-02-08 17:08:49 - INFO - /Users/pengwei/Desktop/WebAppUnit/src/main/python/core/app/VisualModeler/doctorWho.py[80] - ç‚¹å‡»äºŒçº§èœå•: ç½‘å…ƒæ¨¡ç‰ˆé…ç½®
2023-02-08 17:08:50 - INFO - /Users/pengwei/Desktop/WebAppUnit/src/main/python/lib/tab.py[46] - tabåˆ—è¡¨å¢åŠ : ç½‘å…ƒæ¨¡ç‰ˆé…ç½®
2023-02-08 17:08:50 - INFO - /Users/pengwei/Desktop/WebAppUnit/src/main/python/lib/tab.py[47] - å½“å‰tabå¥æŸ„ä¿¡æ¯: {'ç½‘å…ƒæ¨¡ç‰ˆé…ç½®': "//*[contains(@class, 'tabs_item') and @mid='DeviceManager2001']"}
2023-02-08 17:08:50 - INFO - /Users/pengwei/Desktop/WebAppUnit/src/main/python/lib/tab.py[52] - åˆ‡æ¢åˆ°tabé¡µ: ç½‘å…ƒæ¨¡ç‰ˆé…ç½®
2023-02-08 17:08:51 - INFO - /Users/pengwei/Desktop/WebAppUnit/src/main/python/core/app/VisualModeler/commonInfo/template.py[38] - è¿›å…¥ ç½‘å…ƒåŸºç¡€ä¿¡æ¯
2023-02-08 17:09:23 - INFO - /Users/pengwei/.local/share/virtualenvs/WebAppUnit-pDSZ9ufv/lib/python3.9/site-packages/werkzeug/_internal.py[224] - [31m[1mWARNING: This is a development server. Do not use it in a production deployment. Use a production WSGI server instead.[0m
 * Running on all addresses (0.0.0.0)
 * Running on http://127.0.0.1:8099
 * Running on http://192.168.88.228:8099
2023-02-08 17:09:23 - INFO - /Users/pengwei/.local/share/virtualenvs/WebAppUnit-pDSZ9ufv/lib/python3.9/site-packages/werkzeug/_internal.py[224] - [33mPress CTRL+C to quit[0m
2023-02-08 17:09:23 - INFO - /Users/pengwei/.local/share/virtualenvs/WebAppUnit-pDSZ9ufv/lib/python3.9/site-packages/werkzeug/_internal.py[224] -  * Restarting with stat
2023-02-08 17:09:24 - WARNING - /Users/pengwei/.local/share/virtualenvs/WebAppUnit-pDSZ9ufv/lib/python3.9/site-packages/werkzeug/_internal.py[224] -  * Debugger is active!
2023-02-08 17:09:24 - INFO - /Users/pengwei/.local/share/virtualenvs/WebAppUnit-pDSZ9ufv/lib/python3.9/site-packages/werkzeug/_internal.py[224] -  * Debugger PIN: 919-813-245
2023-02-08 17:09:37 - INFO - /Users/pengwei/Desktop/WebAppUnit/src/main/python/core/gooflow/initiation.py[23] - å¯åŠ¨åˆå§‹åŒ–ä»»åŠ¡..
2023-02-08 17:09:37 - INFO - /Users/pengwei/Desktop/WebAppUnit/src/main/python/core/gooflow/initiation.py[41] - æ¸…ç†ä¸´æ—¶ä¸‹è½½æ–‡ä»¶
2023-02-08 17:09:37 - INFO - /Users/pengwei/Desktop/WebAppUnit/src/main/python/core/gooflow/initiation.py[88] - å®Œæˆåˆå§‹åŒ–ä¸šåŠ¡å‚æ•°
2023-02-08 17:09:37 - INFO - /Users/pengwei/Desktop/WebAppUnit/src/main/python/db/SQLHelper.py[66] - >>> æ‰§è¡Œsql:> select platform_nw_name from tn_platform_nw_tag_init where belong_id='440100' and domain_id='AiSeeCore' 
2023-02-08 17:09:37 - INFO - /Users/pengwei/Desktop/WebAppUnit/src/main/python/db/SQLHelper.py[66] - >>> æ‰§è¡Œsql:>  SELECT A.CATALOG_PATH AS catalogPath FROM TN_CATALOG_DEF A
                    WHERE A.CATALOG_TYPE = '1'
                    AND A.BELONG_ID = '440100' AND A.DOMAIN_ID = 'AiSeeCore' 
2023-02-08 17:09:37 - INFO - /Users/pengwei/Desktop/WebAppUnit/src/main/python/db/SQLHelper.py[72] - è®°å½•æ•°ï¼š1
2023-02-08 17:09:37 - INFO - /Users/pengwei/Desktop/WebAppUnit/src/main/python/db/SQLHelper.py[111] - æŸ¥è¯¢ç»“æœï¼š/mnt/shared/AiSee_FileNode/v3-test-postgres-v31/system-440100_AiSeeCore
2023-02-08 17:09:37 - INFO - /Users/pengwei/Desktop/WebAppUnit/src/main/python/core/gooflow/case.py[39] - æ‰“å¼€/Users/pengwei/Desktop/æµ‹è¯•ç”¨ä¾‹é›†/3.1/VisualModeler/controller.xls,å¼€å§‹è·å–æµ‹è¯•ç”¨ä¾‹æ–‡ä»¶å
2023-02-08 17:09:37 - INFO - /Users/pengwei/Desktop/WebAppUnit/src/main/python/core/gooflow/case.py[99] - è·å–åˆ°æµ‹è¯•ç”¨ä¾‹æ–‡ä»¶ï¼š/Users/pengwei/Desktop/æµ‹è¯•ç”¨ä¾‹é›†/3.1/VisualModeler/å¸¸ç”¨ä¿¡æ¯ç®¡ç†/ç½‘å…ƒæ¨¡ç‰ˆé…ç½®.xls
2023-02-08 17:09:37 - INFO - /Users/pengwei/Desktop/WebAppUnit/src/main/python/core/gooflow/case.py[175] - Excelè¡Œæ•°ï¼š86, åˆ—æ•° : 256
2023-02-08 17:09:37 - INFO - /Users/pengwei/Desktop/WebAppUnit/src/main/python/core/gooflow/case.py[176] - -------------------------------------------------------------------------
2023-02-08 17:09:37 - INFO - /Users/pengwei/Desktop/WebAppUnit/src/main/python/core/gooflow/case.py[255] - >>>>> ç½‘å…ƒæ¨¡ç‰ˆé…ç½®ï¼Œæ•°æ®æ¸…ç†
2023-02-08 17:09:37 - INFO - /Users/pengwei/Desktop/WebAppUnit/src/main/python/core/gooflow/initiation.py[30] - æ¸…ç†æµç¨‹è¿‡ç¨‹å˜é‡
2023-02-08 17:09:38 - INFO - /Users/pengwei/Desktop/WebAppUnit/src/main/python/core/gooflow/operation.py[41] - æ­¥éª¤ï¼š
{
    "æ“ä½œ": "ZgTempDataClear",
    "å‚æ•°": {
        "æ¨¡ç‰ˆç±»å‹": "ç½‘å…ƒåŸºç¡€ä¿¡æ¯",
        "æ¨¡ç‰ˆåç§°": "auto_ç½‘å…ƒåŸºç¡€ä¿¡æ¯è¡¨"
    }
}
2023-02-08 17:09:38 - INFO - /Users/pengwei/Desktop/WebAppUnit/src/main/python/core/gooflow/operation.py[44] - å¼€å§‹æ‰§è¡Œæ“ä½œï¼š ZgTempDataClear
2023-02-08 17:09:38 - INFO - /Users/pengwei/Desktop/WebAppUnit/src/main/python/lib/wrap.py[53] - å½“å‰æœªç™»å½•ï¼Œè‡ªåŠ¨æ‰§è¡Œç™»å½•æ“ä½œ
2023-02-08 17:09:38 - INFO - /Users/pengwei/Desktop/WebAppUnit/src/main/python/lib/browser.py[12] - å¼€å§‹åˆå§‹åŒ–æµè§ˆå™¨.
2023-02-08 17:09:40 - INFO - /Users/pengwei/Desktop/WebAppUnit/src/main/python/lib/browser.py[22] - æµè§ˆå™¨åˆå§‹åŒ–å®Œæˆï¼Œwebdriver: <selenium.webdriver.chrome.webdriver.WebDriver (session="5e907ad7e6f585828d7165d78352e121")>
2023-02-08 17:09:41 - INFO - /Users/pengwei/Desktop/WebAppUnit/src/main/python/core/loginPage.py[74] - #######################æ¬¢è¿ç™»å½•AiSeeç³»ç»Ÿ#######################
2023-02-08 17:09:41 - INFO - /Users/pengwei/Desktop/WebAppUnit/src/main/python/core/loginPage.py[75] - ç™»å½•ç”¨æˆ·åï¼špw, ç”¨æˆ·å¯†ç ï¼š1qazXSW@
2023-02-08 17:09:42 - INFO - /Users/pengwei/Desktop/WebAppUnit/src/main/python/lib/windows.py[27] - ä¿å­˜é¦–ä¸ªçª—å£å¥æŸ„ é¦–é¡µ:CDwindow-33FAA39F1A40C289745EDCF1AEF7BDDB
2023-02-08 17:09:42 - INFO - /Users/pengwei/Desktop/WebAppUnit/src/main/python/lib/windows.py[38] - å½“å‰çª—å£ä¿¡æ¯:{'é¦–é¡µ': 'CDwindow-33FAA39F1A40C289745EDCF1AEF7BDDB'}
2023-02-08 17:09:45 - INFO - /Users/pengwei/Desktop/WebAppUnit/src/main/python/core/app/VisualModeler/doctorWho.py[41] - è¿›å…¥é¢†åŸŸé¡µé¢
2023-02-08 17:09:46 - INFO - /Users/pengwei/Desktop/WebAppUnit/src/main/python/lib/windows.py[37] - ä¿å­˜æ–°çš„çª—å£å¥æŸ„ vm:CDwindow-60616E2795D844470CC96ACE9A717370
2023-02-08 17:09:46 - INFO - /Users/pengwei/Desktop/WebAppUnit/src/main/python/lib/windows.py[38] - å½“å‰çª—å£ä¿¡æ¯:{'é¦–é¡µ': 'CDwindow-33FAA39F1A40C289745EDCF1AEF7BDDB', 'vm': 'CDwindow-60616E2795D844470CC96ACE9A717370'}
2023-02-08 17:09:46 - INFO - /Users/pengwei/Desktop/WebAppUnit/src/main/python/lib/windows.py[45] - åˆ‡æ¢åˆ°æ ‡ç­¾é¡µ: vmï¼ŒCDwindow-60616E2795D844470CC96ACE9A717370
2023-02-08 17:09:46 - INFO - /Users/pengwei/Desktop/WebAppUnit/src/main/python/core/app/VisualModeler/doctorWho.py[73] - ç‚¹å‡»ä¸€çº§èœå•: å¸¸ç”¨ä¿¡æ¯ç®¡ç†
2023-02-08 17:09:47 - INFO - /Users/pengwei/Desktop/WebAppUnit/src/main/python/core/app/VisualModeler/doctorWho.py[80] - ç‚¹å‡»äºŒçº§èœå•: ç½‘å…ƒæ¨¡ç‰ˆé…ç½®
2023-02-08 17:09:48 - INFO - /Users/pengwei/Desktop/WebAppUnit/src/main/python/lib/tab.py[46] - tabåˆ—è¡¨å¢åŠ : ç½‘å…ƒæ¨¡ç‰ˆé…ç½®
2023-02-08 17:09:48 - INFO - /Users/pengwei/Desktop/WebAppUnit/src/main/python/lib/tab.py[47] - å½“å‰tabå¥æŸ„ä¿¡æ¯: {'ç½‘å…ƒæ¨¡ç‰ˆé…ç½®': "//*[contains(@class, 'tabs_item') and @mid='DeviceManager2001']"}
2023-02-08 17:09:48 - INFO - /Users/pengwei/Desktop/WebAppUnit/src/main/python/lib/tab.py[52] - åˆ‡æ¢åˆ°tabé¡µ: ç½‘å…ƒæ¨¡ç‰ˆé…ç½®
2023-02-08 17:09:48 - INFO - /Users/pengwei/Desktop/WebAppUnit/src/main/python/core/app/VisualModeler/commonInfo/template.py[38] - è¿›å…¥ ç½‘å…ƒåŸºç¡€ä¿¡æ¯
2023-02-08 17:09:50 - INFO - /Users/pengwei/Desktop/WebAppUnit/src/main/python/core/app/VisualModeler/commonInfo/template.py[522] - æŸ¥è¯¢ä¸åˆ°æ»¡è¶³æ¡ä»¶çš„æ•°æ®ï¼Œæ— éœ€æ¸…ç†
